Using pre-set license
Built from '2020.3/staging' branch; Version is '2020.3.3f1 (76626098c1c4) revision 7758432'; Using compiler version '192528614'; Build Type 'Release'
OS: 'Windows 10 Pro; OS build 19042.746; Version 2009; 64bit' Language: 'ru' Physical Memory: 8057 MB
BatchMode: 1, IsHumanControllingUs: 0, StartBugReporterOnCrash: 0, Is64bit: 1, IsPro: 0

 COMMAND LINE ARGUMENTS:
C:\Program Files\Unity\Hub\Editor\2020.3.3f1\Editor\Unity.exe
-adb2
-batchMode
-noUpm
-name
AssetImportWorker0
-projectPath
D:/RDR/New Unity Project
-logFile
Logs/AssetImportWorker0.log
-srvPort
52283
Successfully changed project path to: D:/RDR/New Unity Project
D:/RDR/New Unity Project
Using Asset Import Pipeline V2.
Refreshing native plugins compatible for Editor in 63.04 ms, found 1 plugins.
Preloading 0 native plugins for Editor in 0.00 ms.
Initialize engine version: 2020.3.3f1 (76626098c1c4)
[Subsystems] Discovering subsystems at path C:/Program Files/Unity/Hub/Editor/2020.3.3f1/Editor/Data/Resources/UnitySubsystems
[Subsystems] Discovering subsystems at path D:/RDR/New Unity Project/Assets
GfxDevice: creating device client; threaded=0
Direct3D:
    Version:  Direct3D 11.0 [level 11.1]
    Renderer: Intel(R) HD Graphics 620 (ID=0x5921)
    Vendor:   
    VRAM:     4028 MB
    Driver:   27.20.100.8681
Initialize mono
Mono path[0] = 'C:/Program Files/Unity/Hub/Editor/2020.3.3f1/Editor/Data/Managed'
Mono path[1] = 'C:/Program Files/Unity/Hub/Editor/2020.3.3f1/Editor/Data/MonoBleedingEdge/lib/mono/unityjit'
Mono config path = 'C:/Program Files/Unity/Hub/Editor/2020.3.3f1/Editor/Data/MonoBleedingEdge/etc'
Using monoOptions --debugger-agent=transport=dt_socket,embedding=1,server=y,suspend=n,address=127.0.0.1:56356
Begin MonoManager ReloadAssembly
Registering precompiled unity dll's ...
Register platform support module: C:/Program Files/Unity/Hub/Editor/2020.3.3f1/Editor/Data/PlaybackEngines/WindowsStandaloneSupport/UnityEditor.WindowsStandalone.Extensions.dll
Registered in 0.003245 seconds.
Native extension for WindowsStandalone target not found
Refreshing native plugins compatible for Editor in 64.82 ms, found 1 plugins.
Preloading 0 native plugins for Editor in 0.00 ms.
Invoked RoslynAnalysisRunner static constructor.
RoslynAnalysisRunner will not be running.
RoslynAnalysisRunner has terminated.
Mono: successfully reloaded assembly
- Completed reload, in  1.697 seconds
Platform modules already initialized, skipping
Registering precompiled user dll's ...
Registered in 0.000946 seconds.
Begin MonoManager ReloadAssembly
Native extension for WindowsStandalone target not found
Refreshing native plugins compatible for Editor in 63.28 ms, found 1 plugins.
Preloading 0 native plugins for Editor in 0.00 ms.
Invoked RoslynAnalysisRunner static constructor.
RoslynAnalysisRunner will not be running.
RoslynAnalysisRunner has terminated.
Mono: successfully reloaded assembly
- Completed reload, in  3.011 seconds
Platform modules already initialized, skipping
========================================================================
Worker process is ready to serve import requests
Launched and connected shader compiler UnityShaderCompiler.exe after 0.07 seconds
Refreshing native plugins compatible for Editor in 0.59 ms, found 1 plugins.
Preloading 0 native plugins for Editor in 0.00 ms.
Unloading 1818 Unused Serialized files (Serialized files now loaded: 0)
System memory in use before: 85.3 MB.
System memory in use after: 85.3 MB.

Unloading 22 unused Assets to reduce memory usage. Loaded Objects now: 2265.
Total: 3.462700 ms (FindLiveObjects: 0.259100 ms CreateObjectMapping: 0.119200 ms MarkObjects: 2.904400 ms  DeleteObjects: 0.178000 ms)

========================================================================
Received Import Request.
  path: Assets/Scripts/ActionOnGame.cs
  artifactKey: Guid(b429b874eac2ef244801aa5c87e2c773) Importer(815301076,1909f56bfc062723c751e8b465ee728b)
Start importing Assets/Scripts/ActionOnGame.cs using Guid(b429b874eac2ef244801aa5c87e2c773) Importer(815301076,1909f56bfc062723c751e8b465ee728b)  -> (artifact id: '2b159ea925924a4add6bd185e37a611f') in 0.073525 seconds
  Import took 0.138754 seconds .

========================================================================
Received Import Request.
  Time since last request: 123.320292 seconds.
  path: Assets/Scripts/SoundOnOff.cs
  artifactKey: Guid(ba801d7c5840eda45b9ac543d8807481) Importer(815301076,1909f56bfc062723c751e8b465ee728b)
Start importing Assets/Scripts/SoundOnOff.cs using Guid(ba801d7c5840eda45b9ac543d8807481) Importer(815301076,1909f56bfc062723c751e8b465ee728b)  -> (artifact id: '2d7f770d4156fa6c83a2395725af60d1') in 0.029643 seconds
  Import took 0.103680 seconds .

========================================================================
Received Import Request.
  Time since last request: 1641.709700 seconds.
  path: Assets/Scenes/FirstLevel.unity
  artifactKey: Guid(2cda990e2423bbf4892e6590ba056729) Importer(815301076,1909f56bfc062723c751e8b465ee728b)
Start importing Assets/Scenes/FirstLevel.unity using Guid(2cda990e2423bbf4892e6590ba056729) Importer(815301076,1909f56bfc062723c751e8b465ee728b)  -> (artifact id: '2fb374eff25c593e57db18b341b3e656') in 0.040933 seconds
  Import took 0.077387 seconds .

========================================================================
Received Import Request.
  Time since last request: 0.541990 seconds.
  path: Assets/Scenes/Main Menu.unity
  artifactKey: Guid(3645d6bc981759645b995b086d5f15f5) Importer(815301076,1909f56bfc062723c751e8b465ee728b)
Start importing Assets/Scenes/Main Menu.unity using Guid(3645d6bc981759645b995b086d5f15f5) Importer(815301076,1909f56bfc062723c751e8b465ee728b)  -> (artifact id: 'd2f1eb14d3009d508ee10ce181f8a5ff') in 0.042071 seconds
  Import took 0.084872 seconds .

========================================================================
Received Import Request.
  Time since last request: 2273.392894 seconds.
  path: Assets/Scripts/Gun.cs
  artifactKey: Guid(f1189a5c45a30e54b9a5805fffc86933) Importer(815301076,1909f56bfc062723c751e8b465ee728b)
Start importing Assets/Scripts/Gun.cs using Guid(f1189a5c45a30e54b9a5805fffc86933) Importer(815301076,1909f56bfc062723c751e8b465ee728b)  -> (artifact id: '777a87730009def2ccf484977c150821') in 0.028282 seconds
  Import took 0.086584 seconds .

========================================================================
Received Import Request.
  Time since last request: 4682.269026 seconds.
  path: Assets/Scripts/Scripts.rar
  artifactKey: Guid(fe2a6446cba7d7b49a46903057ed3388) Importer(815301076,1909f56bfc062723c751e8b465ee728b)
Start importing Assets/Scripts/Scripts.rar using Guid(fe2a6446cba7d7b49a46903057ed3388) Importer(815301076,1909f56bfc062723c751e8b465ee728b)  -> (artifact id: '9538e6d97632066b0611c363cde89b65') in 0.051675 seconds
  Import took 0.111078 seconds .

AssetImportWorkerClient::OnTransportError - code=2 error=End of file
